2024-06-25 15:22:18,736 [Worker-2: Loading available Gradle versions] INFO  o.e.b.c.i.u.g.PublishedGradleVersions - Gradle version information cache is up-to-date. Trying to read.
2024-06-25 15:23:36,271 [Worker-6: Importing Maven projects] INFO  o.e.m.c.i.l.LifecycleMappingFactory - Using org.eclipse.m2e.jdt.JarLifecycleMapping lifecycle mapping for MavenProject: com.sunilos:springboottest:0.0.1-SNAPSHOT @ C:\RaysSoftware\WorkSpace\ORSProj10_FrontCtl-main\projectORS\pom.xml.
2024-06-25 15:23:42,149 [Worker-6: Importing Maven projects] INFO  o.e.m.j.i.AbstractJavaProjectConfigurator - Adding source folder /projectORS/src/main/java
2024-06-25 15:23:42,151 [Worker-6: Importing Maven projects] INFO  o.e.m.j.i.AbstractJavaProjectConfigurator - Adding resource folder /projectORS/src/main/resources
2024-06-25 15:23:42,181 [Worker-6: Importing Maven projects] INFO  o.e.m.j.i.AbstractJavaProjectConfigurator - Adding resource folder /projectORS/src/main/resources
2024-06-25 15:23:42,182 [Worker-6: Importing Maven projects] INFO  o.e.m.j.i.AbstractJavaProjectConfigurator - Adding source folder /projectORS/src/test/java
2024-06-25 15:23:47,683 [Worker-6: Importing Maven projects] INFO  o.e.m.c.i.p.ProjectConfigurationManager - Imported and configured 1 project(s) in 19 sec
2024-06-25 15:24:07,740 [Worker-13: Building workspace] INFO  o.e.m.c.i.embedder.EclipseLogger - Using 'UTF-8' encoding to copy filtered resources.
2024-06-25 15:24:07,756 [Worker-13: Building workspace] INFO  o.e.m.c.i.embedder.EclipseLogger - Copying 1 resource
2024-06-25 15:24:07,902 [Worker-13: Building workspace] INFO  o.e.m.c.i.embedder.EclipseLogger - Copying 1 resource
2024-06-25 15:24:07,968 [Worker-13: Building workspace] INFO  o.e.m.c.i.embedder.EclipseLogger - Using 'UTF-8' encoding to copy filtered resources.
2024-06-25 15:24:07,969 [Worker-13: Building workspace] INFO  o.e.m.c.i.embedder.EclipseLogger - skip non existing resourceDirectory C:\RaysSoftware\WorkSpace\ORSProj10_FrontCtl-main\projectORS\src\test\resources
2024-06-25 15:24:20,468 [Worker-1: Building workspace] INFO  o.e.m.c.i.embedder.EclipseLogger - Using 'UTF-8' encoding to copy filtered resources.
2024-06-25 15:24:20,471 [Worker-1: Building workspace] INFO  o.e.m.c.i.embedder.EclipseLogger - Copying 0 resource
2024-06-25 15:24:20,473 [Worker-1: Building workspace] INFO  o.e.m.c.i.embedder.EclipseLogger - Copying 0 resource
2024-06-25 15:24:20,478 [Worker-1: Building workspace] INFO  o.e.m.c.i.embedder.EclipseLogger - Using 'UTF-8' encoding to copy filtered resources.
2024-06-25 15:24:20,479 [Worker-1: Building workspace] INFO  o.e.m.c.i.embedder.EclipseLogger - skip non existing resourceDirectory C:\RaysSoftware\WorkSpace\ORSProj10_FrontCtl-main\projectORS\src\test\resources
2024-06-25 15:30:04,836 [Worker-15: Building workspace] INFO  o.e.m.c.i.embedder.EclipseLogger - Using 'UTF-8' encoding to copy filtered resources.
2024-06-25 15:30:04,842 [Worker-15: Building workspace] INFO  o.e.m.c.i.embedder.EclipseLogger - Copying 1 resource
2024-06-25 15:30:04,851 [Worker-15: Building workspace] INFO  o.e.m.c.i.embedder.EclipseLogger - Copying 1 resource
2024-06-25 15:30:04,858 [Worker-15: Building workspace] INFO  o.e.m.c.i.embedder.EclipseLogger - Using 'UTF-8' encoding to copy filtered resources.
2024-06-25 15:30:04,859 [Worker-15: Building workspace] INFO  o.e.m.c.i.embedder.EclipseLogger - skip non existing resourceDirectory C:\RaysSoftware\WorkSpace\ORSProj10_FrontCtl-main\projectORS\src\test\resources
2024-06-25 17:04:51,377 [Worker-34: Building workspace] INFO  o.e.m.c.i.embedder.EclipseLogger - Using 'UTF-8' encoding to copy filtered resources.
2024-06-25 17:04:51,382 [Worker-34: Building workspace] INFO  o.e.m.c.i.embedder.EclipseLogger - Copying 1 resource
2024-06-25 17:04:51,392 [Worker-34: Building workspace] INFO  o.e.m.c.i.embedder.EclipseLogger - Copying 1 resource
2024-06-25 17:04:51,400 [Worker-34: Building workspace] INFO  o.e.m.c.i.embedder.EclipseLogger - Using 'UTF-8' encoding to copy filtered resources.
2024-06-25 17:04:51,401 [Worker-34: Building workspace] INFO  o.e.m.c.i.embedder.EclipseLogger - skip non existing resourceDirectory C:\RaysSoftware\WorkSpace\ORSProj10_FrontCtl-main\projectORS\src\test\resources
2024-06-25 20:59:29,422 [Worker-66: Building workspace] INFO  o.e.m.c.i.embedder.EclipseLogger - Using 'UTF-8' encoding to copy filtered resources.
2024-06-25 20:59:29,429 [Worker-66: Building workspace] INFO  o.e.m.c.i.embedder.EclipseLogger - Copying 1 resource
2024-06-25 20:59:29,437 [Worker-66: Building workspace] INFO  o.e.m.c.i.embedder.EclipseLogger - Copying 0 resource
2024-06-25 20:59:29,443 [Worker-66: Building workspace] INFO  o.e.m.c.i.embedder.EclipseLogger - Using 'UTF-8' encoding to copy filtered resources.
2024-06-25 20:59:29,443 [Worker-66: Building workspace] INFO  o.e.m.c.i.embedder.EclipseLogger - skip non existing resourceDirectory C:\RaysSoftware\WorkSpace\ORSProj10_FrontCtl-main\projectORS\src\test\resources
2024-06-26 16:06:09,392 [Worker-139: Building workspace] INFO  o.e.m.c.i.embedder.EclipseLogger - Using 'UTF-8' encoding to copy filtered resources.
2024-06-26 16:06:09,421 [Worker-139: Building workspace] INFO  o.e.m.c.i.embedder.EclipseLogger - Copying 1 resource
2024-06-26 16:06:09,442 [Worker-139: Building workspace] INFO  o.e.m.c.i.embedder.EclipseLogger - Copying 0 resource
2024-06-26 16:06:09,455 [Worker-139: Building workspace] INFO  o.e.m.c.i.embedder.EclipseLogger - Using 'UTF-8' encoding to copy filtered resources.
2024-06-26 16:06:09,456 [Worker-139: Building workspace] INFO  o.e.m.c.i.embedder.EclipseLogger - skip non existing resourceDirectory C:\RaysSoftware\WorkSpace\ORSProj10_FrontCtl-main\projectORS\src\test\resources
2024-06-26 16:06:10,466 [Worker-139: Building workspace] INFO  o.e.m.c.i.embedder.EclipseLogger - Using 'UTF-8' encoding to copy filtered resources.
2024-06-26 16:06:10,468 [Worker-139: Building workspace] INFO  o.e.m.c.i.embedder.EclipseLogger - Copying 1 resource
2024-06-26 16:06:10,474 [Worker-139: Building workspace] INFO  o.e.m.c.i.embedder.EclipseLogger - Copying 0 resource
2024-06-26 16:06:10,487 [Worker-139: Building workspace] INFO  o.e.m.c.i.embedder.EclipseLogger - Using 'UTF-8' encoding to copy filtered resources.
2024-06-26 16:06:10,487 [Worker-139: Building workspace] INFO  o.e.m.c.i.embedder.EclipseLogger - skip non existing resourceDirectory C:\RaysSoftware\WorkSpace\ORSProj10_FrontCtl-main\projectORS\src\test\resources
2024-06-26 16:06:44,266 [Worker-142: Updating Maven Project] INFO  o.e.m.c.i.p.ProjectConfigurationManager - Update started
2024-06-26 16:06:50,262 [Worker-142: Updating Maven Project] INFO  o.e.m.c.i.l.LifecycleMappingFactory - Using org.eclipse.m2e.jdt.JarLifecycleMapping lifecycle mapping for MavenProject: com.sunilos:springboottest:0.0.1-SNAPSHOT @ C:\RaysSoftware\WorkSpace\ORSProj10_FrontCtl-main\projectORS\pom.xml.
2024-06-26 16:07:01,883 [Worker-142: Updating Maven Project] INFO  o.e.m.j.i.AbstractJavaProjectConfigurator - Adding source folder /projectORS/src/main/java
2024-06-26 16:07:01,884 [Worker-142: Updating Maven Project] INFO  o.e.m.j.i.AbstractJavaProjectConfigurator - Adding resource folder /projectORS/src/main/resources
2024-06-26 16:07:01,885 [Worker-142: Updating Maven Project] INFO  o.e.m.j.i.AbstractJavaProjectConfigurator - Adding resource folder /projectORS/src/main/resources
2024-06-26 16:07:01,887 [Worker-142: Updating Maven Project] INFO  o.e.m.j.i.AbstractJavaProjectConfigurator - Adding source folder /projectORS/src/test/java
2024-06-26 16:07:03,294 [Worker-142: Updating Maven Project] INFO  o.e.m.c.i.p.ProjectConfigurationManager - Update completed: 19 sec
2024-06-26 16:08:19,307 [Worker-139: Building workspace] INFO  o.e.m.c.i.embedder.EclipseLogger - Using 'UTF-8' encoding to copy filtered resources.
2024-06-26 16:08:19,405 [Worker-139: Building workspace] INFO  o.e.m.c.i.embedder.EclipseLogger - Copying 1 resource
2024-06-26 16:08:19,648 [Worker-139: Building workspace] INFO  o.e.m.c.i.embedder.EclipseLogger - Copying 1 resource
2024-06-26 16:08:20,965 [Worker-139: Building workspace] INFO  o.e.m.c.i.embedder.EclipseLogger - Using 'UTF-8' encoding to copy filtered resources.
2024-06-26 16:08:20,970 [Worker-139: Building workspace] INFO  o.e.m.c.i.embedder.EclipseLogger - skip non existing resourceDirectory C:\RaysSoftware\WorkSpace\ORSProj10_FrontCtl-main\projectORS\src\test\resources
